Determining if the pthread_create exist failed with the following output:
Change Dir: /home/densepose_wxh/denseposeo/build/CMakeFiles/CMakeTmp

Run Build Command:"/usr/bin/make" "cmTC_69284/fast"
make[1]: Entering directory '/home/densepose_wxh/denseposeo/build/CMakeFiles/CMakeTmp'
/usr/bin/make -f CMakeFiles/cmTC_69284.dir/build.make CMakeFiles/cmTC_69284.dir/build
make[2]: Entering directory '/home/densepose_wxh/denseposeo/build/CMakeFiles/CMakeTmp'
Building C object CMakeFiles/cmTC_69284.dir/CheckSymbolExists.c.o
/usr/bin/cc     -o CMakeFiles/cmTC_69284.dir/CheckSymbolExists.c.o   -c /home/densepose_wxh/denseposeo/build/CMakeFiles/CMakeTmp/CheckSymbolExists.c
Linking C executable cmTC_69284
/usr/bin/cmake -E cmake_link_script CMakeFiles/cmTC_69284.dir/link.txt --verbose=1
/usr/bin/cc       CMakeFiles/cmTC_69284.dir/CheckSymbolExists.c.o  -o cmTC_69284 -rdynamic 
CMakeFiles/cmTC_69284.dir/CheckSymbolExists.c.o: In function `main':
CheckSymbolExists.c:(.text+0x16): undefined reference to `pthread_create'
collect2: error: ld returned 1 exit status
CMakeFiles/cmTC_69284.dir/build.make:97: recipe for target 'cmTC_69284' failed
make[2]: *** [cmTC_69284] Error 1
make[2]: Leaving directory '/home/densepose_wxh/denseposeo/build/CMakeFiles/CMakeTmp'
Makefile:126: recipe for target 'cmTC_69284/fast' failed
make[1]: *** [cmTC_69284/fast] Error 2
make[1]: Leaving directory '/home/densepose_wxh/denseposeo/build/CMakeFiles/CMakeTmp'

File /home/densepose_wxh/denseposeo/build/CMakeFiles/CMakeTmp/CheckSymbolExists.c:
/* */
#include <pthread.h>

int main(int argc, char** argv)
{
  (void)argv;
#ifndef pthread_create
  return ((int*)(&pthread_create))[argc];
#else
  (void)argc;
  return 0;
#endif
}

Determining if the function pthread_create exists in the pthreads failed with the following output:
Change Dir: /home/densepose_wxh/denseposeo/build/CMakeFiles/CMakeTmp

Run Build Command:"/usr/bin/make" "cmTC_c3736/fast"
make[1]: Entering directory '/home/densepose_wxh/denseposeo/build/CMakeFiles/CMakeTmp'
/usr/bin/make -f CMakeFiles/cmTC_c3736.dir/build.make CMakeFiles/cmTC_c3736.dir/build
make[2]: Entering directory '/home/densepose_wxh/denseposeo/build/CMakeFiles/CMakeTmp'
Building C object CMakeFiles/cmTC_c3736.dir/CheckFunctionExists.c.o
/usr/bin/cc    -DCHECK_FUNCTION_EXISTS=pthread_create   -o CMakeFiles/cmTC_c3736.dir/CheckFunctionExists.c.o   -c /usr/share/cmake-3.5/Modules/CheckFunctionExists.c
Linking C executable cmTC_c3736
/usr/bin/cmake -E cmake_link_script CMakeFiles/cmTC_c3736.dir/link.txt --verbose=1
/usr/bin/cc   -DCHECK_FUNCTION_EXISTS=pthread_create    CMakeFiles/cmTC_c3736.dir/CheckFunctionExists.c.o  -o cmTC_c3736 -rdynamic -lpthreads 
/usr/bin/ld: cannot find -lpthreads
collect2: error: ld returned 1 exit status
CMakeFiles/cmTC_c3736.dir/build.make:97: recipe for target 'cmTC_c3736' failed
make[2]: *** [cmTC_c3736] Error 1
make[2]: Leaving directory '/home/densepose_wxh/denseposeo/build/CMakeFiles/CMakeTmp'
Makefile:126: recipe for target 'cmTC_c3736/fast' failed
make[1]: *** [cmTC_c3736/fast] Error 2
make[1]: Leaving directory '/home/densepose_wxh/denseposeo/build/CMakeFiles/CMakeTmp'


